[debug] [2020-06-24T08:47:24.483Z] ----------------------------------------------------------------------
[debug] [2020-06-24T08:47:24.486Z] Command:       /usr/local/Cellar/node/14.4.0/bin/node /usr/local/bin/firebase deploy
[debug] [2020-06-24T08:47:24.486Z] CLI Version:   8.4.2
[debug] [2020-06-24T08:47:24.486Z] Platform:      darwin
[debug] [2020-06-24T08:47:24.486Z] Node Version:  v14.4.0
[debug] [2020-06-24T08:47:24.488Z] Time:          Wed Jun 24 2020 11:47:24 GMT+0300 (East Africa Time)
[debug] [2020-06-24T08:47:24.488Z] ----------------------------------------------------------------------
[debug] [2020-06-24T08:47:24.488Z] 
[debug] [2020-06-24T08:47:24.499Z] > command requires scopes: ["email","openid","https://www.googleapis.com/auth/cloudplatformprojects.readonly","https://www.googleapis.com/auth/firebase","https://www.googleapis.com/auth/cloud-platform"]
[debug] [2020-06-24T08:47:24.499Z] > authorizing via signed-in user
[debug] [2020-06-24T08:47:24.500Z] [iam] checking project share-it-5c4ec for permissions ["firebase.projects.get","firebasehosting.sites.update"]
[debug] [2020-06-24T08:47:24.503Z] > refreshing access token with scopes: ["email","https://www.googleapis.com/auth/cloud-platform","https://www.googleapis.com/auth/cloudplatformprojects.readonly","https://www.googleapis.com/auth/firebase","openid"]
[debug] [2020-06-24T08:47:24.503Z] >>> HTTP REQUEST POST https://www.googleapis.com/oauth2/v3/token  
 <request body omitted>
[debug] [2020-06-24T08:47:26.934Z] <<< HTTP RESPONSE 200 {"content-type":"application/json; charset=utf-8","vary":"X-Origin, Referer, Origin,Accept-Encoding","date":"Wed, 24 Jun 2020 08:47:26 GMT","server":"scaffolding on HTTPServer2","cache-control":"private","x-xss-protection":"0","x-frame-options":"SAMEORIGIN","x-content-type-options":"nosniff","alt-svc":"h3-27=\":443\"; ma=2592000,h3-25=\":443\"; ma=2592000,h3-T050=\":443\"; ma=2592000,h3-Q050=\":443\"; ma=2592000,h3-Q046=\":443\"; ma=2592000,h3-Q043=\":443\"; ma=2592000,quic=\":443\"; ma=2592000; v=\"46,43\"","accept-ranges":"none","transfer-encoding":"chunked"}
[debug] [2020-06-24T08:47:26.950Z] >>> HTTP REQUEST POST https://cloudresourcemanager.googleapis.com/v1/projects/share-it-5c4ec:testIamPermissions  
 {"permissions":["firebase.projects.get","firebasehosting.sites.update"]}
[debug] [2020-06-24T08:47:30.996Z] <<< HTTP RESPONSE 200 {"content-type":"application/json; charset=UTF-8","vary":"X-Origin, Referer, Origin,Accept-Encoding","date":"Wed, 24 Jun 2020 08:47:30 GMT","server":"ESF","cache-control":"private","x-xss-protection":"0","x-frame-options":"SAMEORIGIN","x-content-type-options":"nosniff","server-timing":"gfet4t7; dur=661","alt-svc":"h3-28=\":443\"; ma=2592000,h3-27=\":443\"; ma=2592000,h3-25=\":443\"; ma=2592000,h3-T050=\":443\"; ma=2592000,h3-Q050=\":443\"; ma=2592000,h3-Q049=\":443\"; ma=2592000,h3-Q048=\":443\"; ma=2592000,h3-Q046=\":443\"; ma=2592000,h3-Q043=\":443\"; ma=2592000,quic=\":443\"; ma=2592000; v=\"46,43\"","accept-ranges":"none","transfer-encoding":"chunked"}
[debug] [2020-06-24T08:47:30.998Z] >>> HTTP REQUEST GET https://firebase.googleapis.com/v1beta1/projects/share-it-5c4ec  
 
[debug] [2020-06-24T08:47:33.870Z] <<< HTTP RESPONSE 200 {"content-type":"application/json; charset=UTF-8","vary":"X-Origin, Referer, Origin,Accept-Encoding","date":"Wed, 24 Jun 2020 08:47:33 GMT","server":"ESF","cache-control":"private","x-xss-protection":"0","x-frame-options":"SAMEORIGIN","x-content-type-options":"nosniff","alt-svc":"h3-28=\":443\"; ma=2592000,h3-27=\":443\"; ma=2592000,h3-25=\":443\"; ma=2592000,h3-T050=\":443\"; ma=2592000,h3-Q050=\":443\"; ma=2592000,h3-Q049=\":443\"; ma=2592000,h3-Q048=\":443\"; ma=2592000,h3-Q046=\":443\"; ma=2592000,h3-Q043=\":443\"; ma=2592000,quic=\":443\"; ma=2592000; v=\"46,43\"","accept-ranges":"none","transfer-encoding":"chunked"}
[info] 
[info] === Deploying to 'share-it-5c4ec'...
[info] 
[info] i  deploying hosting 
[debug] [2020-06-24T08:47:33.875Z] >>> HTTP REQUEST POST https://firebasehosting.googleapis.com/v1beta1/sites/share-it-5c4ec/versions  
 {"config":{"rewrites":[{"glob":"**","path":"/index.html"}]},"labels":{"deployment-tool":"cli-firebase"}}
[debug] [2020-06-24T08:47:38.261Z] <<< HTTP RESPONSE 200 {"content-type":"application/json; charset=UTF-8","vary":"X-Origin, Referer, Origin,Accept-Encoding","date":"Wed, 24 Jun 2020 08:47:38 GMT","server":"ESF","cache-control":"private","x-xss-protection":"0","x-frame-options":"SAMEORIGIN","x-content-type-options":"nosniff","alt-svc":"h3-27=\":443\"; ma=2592000,h3-25=\":443\"; ma=2592000,h3-T050=\":443\"; ma=2592000,h3-Q050=\":443\"; ma=2592000,h3-Q046=\":443\"; ma=2592000,h3-Q043=\":443\"; ma=2592000,quic=\":443\"; ma=2592000; v=\"46,43\"","accept-ranges":"none","transfer-encoding":"chunked"}
[info] i  hosting[share-it-5c4ec]: beginning deploy... 
[info] i  hosting[share-it-5c4ec]: found 86 files in build 
[debug] [2020-06-24T08:47:39.032Z] [hosting] hash cache [YnVpbGQ] stored for 86 files
[debug] [2020-06-24T08:47:39.032Z] [hosting][hash queue][FINAL] {"max":726,"min":64,"avg":137.82558139534885,"active":0,"complete":86,"success":86,"errored":0,"retried":0,"total":86,"elapsed":742}
[debug] [2020-06-24T08:47:39.032Z] >>> HTTP REQUEST POST https://firebasehosting.googleapis.com/v1beta1/sites/share-it-5c4ec/versions/540aacca9c70aa31:populateFiles  
 <request body omitted>
[debug] [2020-06-24T08:47:43.152Z] <<< HTTP RESPONSE 200 {"content-type":"application/json; charset=UTF-8","vary":"X-Origin, Referer, Origin,Accept-Encoding","date":"Wed, 24 Jun 2020 08:47:42 GMT","server":"ESF","cache-control":"private","x-xss-protection":"0","x-frame-options":"SAMEORIGIN","x-content-type-options":"nosniff","alt-svc":"h3-27=\":443\"; ma=2592000,h3-25=\":443\"; ma=2592000,h3-T050=\":443\"; ma=2592000,h3-Q050=\":443\"; ma=2592000,h3-Q046=\":443\"; ma=2592000,h3-Q043=\":443\"; ma=2592000,quic=\":443\"; ma=2592000; v=\"46,43\"","accept-ranges":"none","transfer-encoding":"chunked"}
[debug] [2020-06-24T08:47:43.173Z] [hosting][populate queue][FINAL] {"max":4125,"min":4125,"avg":4125,"active":0,"complete":1,"success":1,"errored":0,"retried":0,"total":1,"elapsed":4144}
[debug] [2020-06-24T08:47:43.175Z] [hosting] uploads queued: 30
